2024-05-16 15:41:36.857 [info] Log level: Info
2024-05-16 15:41:36.857 [info] Validating found git in: "git"
2024-05-16 15:41:36.857 [info] Using git "2.34.1" from "git"
2024-05-16 15:41:36.857 [info] > git rev-parse --show-toplevel [19ms]
2024-05-16 15:41:36.857 [info] > git rev-parse --git-dir --git-common-dir [11ms]
2024-05-16 15:41:36.857 [info] Open repository: /home/richard
2024-05-16 15:41:36.859 [info] > git rev-parse --show-toplevel [3ms]
2024-05-16 15:41:36.861 [info] > git config --get commit.template [11ms]
2024-05-16 15:41:36.885 [info] > git rev-parse --show-toplevel [14ms]
2024-05-16 15:41:36.895 [info] > git for-each-ref --format=%(refname)%00%(upstream:short)%00%(objectname)%00%(upstream:track)%00%(upstream:remotename)%00%(upstream:remoteref) refs/heads/master refs/remotes/master [14ms]
2024-05-16 15:41:36.905 [info] > git rev-parse --show-toplevel [13ms]
2024-05-16 15:41:36.918 [info] > git status -z -uall [16ms]
2024-05-16 15:41:36.919 [info] > git rev-parse --show-toplevel [4ms]
2024-05-16 15:41:36.978 [info] > git config --get commit.template [8ms]
2024-05-16 15:41:36.979 [info] > git for-each-ref --format=%(refname)%00%(upstream:short)%00%(objectname)%00%(upstream:track)%00%(upstream:remotename)%00%(upstream:remoteref) refs/heads/master refs/remotes/master [2ms]
2024-05-16 15:41:36.996 [info] > git status -z -uall [11ms]
2024-05-16 15:41:37.205 [info] > git show --textconv :web.html [7ms]
2024-05-16 15:41:37.207 [info] > git ls-files --stage -- /home/richard/web.html [4ms]
2024-05-16 15:41:37.214 [info] > git cat-file -s 2da6a786c6b7aad8fc183f15680b07d0471c8e50 [2ms]
2024-05-16 15:41:37.441 [info] > git check-ignore -v -z --stdin [3ms]
2024-05-16 15:41:45.582 [info] > git config --get commit.template [10ms]
2024-05-16 15:41:45.583 [info] > git for-each-ref --format=%(refname)%00%(upstream:short)%00%(objectname)%00%(upstream:track)%00%(upstream:remotename)%00%(upstream:remoteref) refs/heads/master refs/remotes/master [3ms]
2024-05-16 15:41:45.600 [info] > git status -z -uall [9ms]
2024-05-16 15:41:50.616 [info] > git config --get commit.template [6ms]
2024-05-16 15:41:50.617 [info] > git for-each-ref --format=%(refname)%00%(upstream:short)%00%(objectname)%00%(upstream:track)%00%(upstream:remotename)%00%(upstream:remoteref) refs/heads/master refs/remotes/master [2ms]
2024-05-16 15:41:50.629 [info] > git status -z -uall [7ms]
2024-05-16 15:41:55.652 [info] > git config --get commit.template [3ms]
2024-05-16 15:41:55.661 [info] > git for-each-ref --format=%(refname)%00%(upstream:short)%00%(objectname)%00%(upstream:track)%00%(upstream:remotename)%00%(upstream:remoteref) refs/heads/master refs/remotes/master [3ms]
2024-05-16 15:41:55.678 [info] > git status -z -uall [9ms]
2024-05-16 15:42:11.778 [info] > git config --get commit.template [24ms]
2024-05-16 15:42:11.780 [info] > git for-each-ref --format=%(refname)%00%(upstream:short)%00%(objectname)%00%(upstream:track)%00%(upstream:remotename)%00%(upstream:remoteref) refs/heads/master refs/remotes/master [9ms]
2024-05-16 15:42:11.799 [info] > git status -z -uall [9ms]
2024-05-16 15:42:16.815 [info] > git config --get commit.template [6ms]
2024-05-16 15:42:16.815 [info] > git for-each-ref --format=%(refname)%00%(upstream:short)%00%(objectname)%00%(upstream:track)%00%(upstream:remotename)%00%(upstream:remoteref) refs/heads/master refs/remotes/master [2ms]
2024-05-16 15:42:16.828 [info] > git status -z -uall [7ms]
2024-05-16 15:42:21.841 [info] > git config --get commit.template [2ms]
2024-05-16 15:42:21.852 [info] > git for-each-ref --format=%(refname)%00%(upstream:short)%00%(objectname)%00%(upstream:track)%00%(upstream:remotename)%00%(upstream:remoteref) refs/heads/master refs/remotes/master [2ms]
2024-05-16 15:42:21.867 [info] > git status -z -uall [8ms]
2024-05-16 15:42:26.880 [info] > git config --get commit.template [1ms]
2024-05-16 15:42:26.887 [info] > git for-each-ref --format=%(refname)%00%(upstream:short)%00%(objectname)%00%(upstream:track)%00%(upstream:remotename)%00%(upstream:remoteref) refs/heads/master refs/remotes/master [1ms]
2024-05-16 15:42:26.900 [info] > git status -z -uall [8ms]
2024-05-16 15:42:31.916 [info] > git config --get commit.template [6ms]
2024-05-16 15:42:31.917 [info] > git for-each-ref --format=%(refname)%00%(upstream:short)%00%(objectname)%00%(upstream:track)%00%(upstream:remotename)%00%(upstream:remoteref) refs/heads/master refs/remotes/master [1ms]
2024-05-16 15:42:31.929 [info] > git status -z -uall [8ms]
2024-05-16 15:42:36.945 [info] > git config --get commit.template [6ms]
2024-05-16 15:42:36.946 [info] > git for-each-ref --format=%(refname)%00%(upstream:short)%00%(objectname)%00%(upstream:track)%00%(upstream:remotename)%00%(upstream:remoteref) refs/heads/master refs/remotes/master [2ms]
2024-05-16 15:42:36.958 [info] > git status -z -uall [8ms]
2024-05-16 15:42:41.968 [info] > git config --get commit.template [2ms]
2024-05-16 15:42:41.975 [info] > git for-each-ref --format=%(refname)%00%(upstream:short)%00%(objectname)%00%(upstream:track)%00%(upstream:remotename)%00%(upstream:remoteref) refs/heads/master refs/remotes/master [1ms]
2024-05-16 15:42:41.988 [info] > git status -z -uall [8ms]
2024-05-16 15:42:47.003 [info] > git config --get commit.template [5ms]
2024-05-16 15:42:47.003 [info] > git for-each-ref --format=%(refname)%00%(upstream:short)%00%(objectname)%00%(upstream:track)%00%(upstream:remotename)%00%(upstream:remoteref) refs/heads/master refs/remotes/master [1ms]
2024-05-16 15:42:47.016 [info] > git status -z -uall [7ms]
2024-05-16 15:42:52.026 [info] > git config --get commit.template [2ms]
2024-05-16 15:42:52.033 [info] > git for-each-ref --format=%(refname)%00%(upstream:short)%00%(objectname)%00%(upstream:track)%00%(upstream:remotename)%00%(upstream:remoteref) refs/heads/master refs/remotes/master [1ms]
2024-05-16 15:42:52.047 [info] > git status -z -uall [8ms]
2024-05-16 15:42:57.063 [info] > git config --get commit.template [5ms]
2024-05-16 15:42:57.063 [info] > git for-each-ref --format=%(refname)%00%(upstream:short)%00%(objectname)%00%(upstream:track)%00%(upstream:remotename)%00%(upstream:remoteref) refs/heads/master refs/remotes/master [1ms]
2024-05-16 15:42:57.075 [info] > git status -z -uall [8ms]
2024-05-16 15:43:02.092 [info] > git config --get commit.template [7ms]
2024-05-16 15:43:02.093 [info] > git for-each-ref --format=%(refname)%00%(upstream:short)%00%(objectname)%00%(upstream:track)%00%(upstream:remotename)%00%(upstream:remoteref) refs/heads/master refs/remotes/master [2ms]
2024-05-16 15:43:02.105 [info] > git status -z -uall [8ms]
2024-05-16 15:43:07.120 [info] > git config --get commit.template [6ms]
2024-05-16 15:43:07.120 [info] > git for-each-ref --format=%(refname)%00%(upstream:short)%00%(objectname)%00%(upstream:track)%00%(upstream:remotename)%00%(upstream:remoteref) refs/heads/master refs/remotes/master [1ms]
2024-05-16 15:43:07.133 [info] > git status -z -uall [7ms]
2024-05-16 15:43:12.149 [info] > git config --get commit.template [6ms]
2024-05-16 15:43:12.149 [info] > git for-each-ref --format=%(refname)%00%(upstream:short)%00%(objectname)%00%(upstream:track)%00%(upstream:remotename)%00%(upstream:remoteref) refs/heads/master refs/remotes/master [1ms]
2024-05-16 15:43:12.166 [info] > git status -z -uall [12ms]
2024-05-16 15:43:17.178 [info] > git config --get commit.template [1ms]
2024-05-16 15:43:17.184 [info] > git for-each-ref --format=%(refname)%00%(upstream:short)%00%(objectname)%00%(upstream:track)%00%(upstream:remotename)%00%(upstream:remoteref) refs/heads/master refs/remotes/master [2ms]
2024-05-16 15:43:17.197 [info] > git status -z -uall [8ms]
2024-05-16 15:43:36.146 [info] > git config --get commit.template [5ms]
2024-05-16 15:43:36.167 [info] > git for-each-ref --format=%(refname)%00%(upstream:short)%00%(objectname)%00%(upstream:track)%00%(upstream:remotename)%00%(upstream:remoteref) refs/heads/master refs/remotes/master [6ms]
2024-05-16 15:43:36.184 [info] > git status -z -uall [10ms]
2024-05-16 15:44:05.599 [info] > git config --get commit.template [12ms]
2024-05-16 15:44:05.606 [info] > git for-each-ref --format=%(refname)%00%(upstream:short)%00%(objectname)%00%(upstream:track)%00%(upstream:remotename)%00%(upstream:remoteref) refs/heads/master refs/remotes/master [9ms]
2024-05-16 15:44:05.630 [info] > git status -z -uall [14ms]
2024-05-16 15:44:12.627 [info] > git config --get commit.template [5ms]
2024-05-16 15:44:12.637 [info] > git for-each-ref --format=%(refname)%00%(upstream:short)%00%(objectname)%00%(upstream:track)%00%(upstream:remotename)%00%(upstream:remoteref) refs/heads/master refs/remotes/master [1ms]
2024-05-16 15:44:12.652 [info] > git status -z -uall [9ms]
